# JRE version: OpenJDK Runtime Environment Temurin-17.0.10+7 (17.0.10+7) (build 17.0.10+7)
# Java VM: OpenJDK 64-Bit Server VM Temurin-17.0.10+7 (17.0.10+7, mixed mode, tiered, compressed oops, compressed class ptrs, parallel gc, windows-amd64)
GC Precious Log:
 CPUs: 20 total, 20 available
 Memory: 32670M
 Large Page Support: Disabled
 NUMA Support: Disabled
 Compressed Oops: Enabled (32-bit)
 Alignments: Space 512K, Generation 512K, Heap 2M
 Heap Min Capacity: 100M
 Heap Initial Capacity: 100M
 Heap Max Capacity: 1G
 Pre-touch: Disabled
 Parallel Workers: 15
Heap:
 PSYoungGen      total 4608K, used 4224K [0x00000000eab00000, 0x00000000eb180000, 0x0000000100000000)
  eden space 2560K, 100% used [0x00000000eab00000,0x00000000ead80000,0x00000000ead80000)
  from space 2048K, 81% used [0x00000000eae80000,0x00000000eb020000,0x00000000eb080000)
  to   space 1024K, 87% used [0x00000000eb080000,0x00000000eb160000,0x00000000eb180000)
 ParOldGen       total 127488K, used 112883K [0x00000000c0000000, 0x00000000c7c80000, 0x00000000eab00000)
  object space 127488K, 88% used [0x00000000c0000000,0x00000000c6e3cfd0,0x00000000c7c80000)
 Metaspace       used 95428K, committed 96576K, reserved 1179648K
  class space    used 9479K, committed 9984K, reserved 1048576K
GC Heap History (20 events):
Event: 15809.441 GC heap after
{Heap after GC invocations=9734 (full 161):
 PSYoungGen      total 4096K, used 0K [0x00000000eab00000, 0x00000000eb000000, 0x0000000100000000)
  eden space 3072K, 0% used [0x00000000eab00000,0x00000000eab00000,0x00000000eae00000)
  from space 1024K, 0% used [0x00000000eaf00000,0x00000000eaf00000,0x00000000eb000000)
  to   space 1024K, 0% used [0x00000000eae00000,0x00000000eae00000,0x00000000eaf00000)
 ParOldGen       total 127488K, used 100774K [0x00000000c0000000, 0x00000000c7c80000, 0x00000000eab00000)
  object space 127488K, 79% used [0x00000000c0000000,0x00000000c62698a8,0x00000000c7c80000)
 Metaspace       used 95427K, committed 96576K, reserved 1179648K
  class space    used 9479K, committed 9984K, reserved 1048576K
}
Event: 15809.445 GC heap before
{Heap before GC invocations=9735 (full 161):
 PSYoungGen      total 4096K, used 3072K [0x00000000eab00000, 0x00000000eb000000, 0x0000000100000000)
  eden space 3072K, 100% used [0x00000000eab00000,0x00000000eae00000,0x00000000eae00000)
  from space 1024K, 0% used [0x00000000eaf00000,0x00000000eaf00000,0x00000000eb000000)
  to   space 1024K, 0% used [0x00000000eae00000,0x00000000eae00000,0x00000000eaf00000)
 ParOldGen       total 127488K, used 100774K [0x00000000c0000000, 0x00000000c7c80000, 0x00000000eab00000)
  object space 127488K, 79% used [0x00000000c0000000,0x00000000c62698a8,0x00000000c7c80000)
 Metaspace       used 95427K, committed 96576K, reserved 1179648K
  class space    used 9479K, committed 9984K, reserved 1048576K
}
Event: 15809.447 GC heap after
{Heap after GC invocations=9735 (full 161):
 PSYoungGen      total 4096K, used 928K [0x00000000eab00000, 0x00000000eb100000, 0x0000000100000000)
  eden space 3072K, 0% used [0x00000000eab00000,0x00000000eab00000,0x00000000eae00000)
  from space 1024K, 90% used [0x00000000eae00000,0x00000000eaee8020,0x00000000eaf00000)
  to   space 1536K, 0% used [0x00000000eaf80000,0x00000000eaf80000,0x00000000eb100000)
 ParOldGen       total 127488K, used 100774K [0x00000000c0000000, 0x00000000c7c80000, 0x00000000eab00000)
  object space 127488K, 79% used [0x00000000c0000000,0x00000000c62698a8,0x00000000c7c80000)
 Metaspace       used 95427K, committed 96576K, reserved 1179648K
  class space    used 9479K, committed 9984K, reserved 1048576K
}
Event: 15809.451 GC heap before
{Heap before GC invocations=9736 (full 161):
 PSYoungGen      total 4096K, used 4000K [0x00000000eab00000, 0x00000000eb100000, 0x0000000100000000)
  eden space 3072K, 100% used [0x00000000eab00000,0x00000000eae00000,0x00000000eae00000)
  from space 1024K, 90% used [0x00000000eae00000,0x00000000eaee8020,0x00000000eaf00000)
  to   space 1536K, 0% used [0x00000000eaf80000,0x00000000eaf80000,0x00000000eb100000)
 ParOldGen       total 127488K, used 100774K [0x00000000c0000000, 0x00000000c7c80000, 0x00000000eab00000)
  object space 127488K, 79% used [0x00000000c0000000,0x00000000c62698a8,0x00000000c7c80000)
 Metaspace       used 95427K, committed 96576K, reserved 1179648K
  class space    used 9479K, committed 9984K, reserved 1048576K
}
Event: 15809.452 GC heap after
{Heap after GC invocations=9736 (full 161):
 PSYoungGen      total 3584K, used 256K [0x00000000eab00000, 0x00000000eb000000, 0x0000000100000000)
  eden space 3072K, 0% used [0x00000000eab00000,0x00000000eab00000,0x00000000eae00000)
  from space 512K, 50% used [0x00000000eaf80000,0x00000000eafc0000,0x00000000eb000000)
  to   space 512K, 0% used [0x00000000eaf00000,0x00000000eaf00000,0x00000000eaf80000)
 ParOldGen       total 127488K, used 101062K [0x00000000c0000000, 0x00000000c7c80000, 0x00000000eab00000)
  object space 127488K, 79% used [0x00000000c0000000,0x00000000c62b1938,0x00000000c7c80000)
 Metaspace       used 95427K, committed 96576K, reserved 1179648K
  class space    used 9479K, committed 9984K, reserved 1048576K
}
Event: 15809.491 GC heap before
{Heap before GC invocations=9737 (full 161):
 PSYoungGen      total 3584K, used 3327K [0x00000000eab00000, 0x00000000eb000000, 0x0000000100000000)
  eden space 3072K, 99% used [0x00000000eab00000,0x00000000eadffe18,0x00000000eae00000)
  from space 512K, 50% used [0x00000000eaf80000,0x00000000eafc0000,0x00000000eb000000)
  to   space 512K, 0% used [0x00000000eaf00000,0x00000000eaf00000,0x00000000eaf80000)
 ParOldGen       total 127488K, used 101062K [0x00000000c0000000, 0x00000000c7c80000, 0x00000000eab00000)
  object space 127488K, 79% used [0x00000000c0000000,0x00000000c62b1938,0x00000000c7c80000)
 Metaspace       used 95428K, committed 96576K, reserved 1179648K
  class space    used 9479K, committed 9984K, reserved 1048576K
}
Event: 15809.491 GC heap after
{Heap after GC invocations=9737 (full 161):
 PSYoungGen      total 3584K, used 487K [0x00000000eab00000, 0x00000000eb200000, 0x0000000100000000)
  eden space 3072K, 0% used [0x00000000eab00000,0x00000000eab00000,0x00000000eae00000)
  from space 512K, 95% used [0x00000000eaf00000,0x00000000eaf79f48,0x00000000eaf80000)
  to   space 2048K, 0% used [0x00000000eb000000,0x00000000eb000000,0x00000000eb200000)
 ParOldGen       total 127488K, used 102251K [0x00000000c0000000, 0x00000000c7c80000, 0x00000000eab00000)
  object space 127488K, 80% used [0x00000000c0000000,0x00000000c63dacb0,0x00000000c7c80000)
 Metaspace       used 95428K, committed 96576K, reserved 1179648K
  class space    used 9479K, committed 9984K, reserved 1048576K
}
Event: 15809.494 GC heap before
{Heap before GC invocations=9738 (full 161):
 PSYoungGen      total 3584K, used 3559K [0x00000000eab00000, 0x00000000eb200000, 0x0000000100000000)
  eden space 3072K, 100% used [0x00000000eab00000,0x00000000eae00000,0x00000000eae00000)
  from space 512K, 95% used [0x00000000eaf00000,0x00000000eaf79f48,0x00000000eaf80000)
  to   space 2048K, 0% used [0x00000000eb000000,0x00000000eb000000,0x00000000eb200000)
 ParOldGen       total 127488K, used 102251K [0x00000000c0000000, 0x00000000c7c80000, 0x00000000eab00000)
  object space 127488K, 80% used [0x00000000c0000000,0x00000000c63dacb0,0x00000000c7c80000)
 Metaspace       used 95428K, committed 96576K, reserved 1179648K
  class space    used 9479K, committed 9984K, reserved 1048576K
}
Event: 15809.496 GC heap after
{Heap after GC invocations=9738 (full 161):
 PSYoungGen      total 3584K, used 2048K [0x00000000eab00000, 0x00000000eb600000, 0x0000000100000000)
  eden space 1536K, 0% used [0x00000000eab00000,0x00000000eab00000,0x00000000eac80000)
  from space 2048K, 100% used [0x00000000eb000000,0x00000000eb200000,0x00000000eb200000)
  to   space 3584K, 0% used [0x00000000eac80000,0x00000000eac80000,0x00000000eb000000)
 ParOldGen       total 127488K, used 103259K [0x00000000c0000000, 0x00000000c7c80000, 0x00000000eab00000)
  object space 127488K, 80% used [0x00000000c0000000,0x00000000c64d6f50,0x00000000c7c80000)
 Metaspace       used 95428K, committed 96576K, reserved 1179648K
  class space    used 9479K, committed 9984K, reserved 1048576K
}
Event: 15809.498 GC heap before
{Heap before GC invocations=9739 (full 161):
 PSYoungGen      total 3584K, used 3575K [0x00000000eab00000, 0x00000000eb600000, 0x0000000100000000)
  eden space 1536K, 99% used [0x00000000eab00000,0x00000000eac7ddd0,0x00000000eac80000)
  from space 2048K, 100% used [0x00000000eb000000,0x00000000eb200000,0x00000000eb200000)
  to   space 3584K, 0% used [0x00000000eac80000,0x00000000eac80000,0x00000000eb000000)
 ParOldGen       total 127488K, used 103259K [0x00000000c0000000, 0x00000000c7c80000, 0x00000000eab00000)
  object space 127488K, 80% used [0x00000000c0000000,0x00000000c64d6f50,0x00000000c7c80000)
 Metaspace       used 95428K, committed 96576K, reserved 1179648K
  class space    used 9479K, committed 9984K, reserved 1048576K
}
Event: 15809.500 GC heap after
{Heap after GC invocations=9739 (full 161):
 PSYoungGen      total 3584K, used 1632K [0x00000000eab00000, 0x00000000eb200000, 0x0000000100000000)
  eden space 1536K, 0% used [0x00000000eab00000,0x00000000eab00000,0x00000000eac80000)
  from space 2048K, 79% used [0x00000000eac80000,0x00000000eae18000,0x00000000eae80000)
  to   space 2560K, 0% used [0x00000000eaf80000,0x00000000eaf80000,0x00000000eb200000)
 ParOldGen       total 127488K, used 105236K [0x00000000c0000000, 0x00000000c7c80000, 0x00000000eab00000)
  object space 127488K, 82% used [0x00000000c0000000,0x00000000c66c5128,0x00000000c7c80000)
 Metaspace       used 95428K, committed 96576K, reserved 1179648K
  class space    used 9479K, committed 9984K, reserved 1048576K
}
Event: 15809.506 GC heap before
{Heap before GC invocations=9740 (full 161):
 PSYoungGen      total 3584K, used 3162K [0x00000000eab00000, 0x00000000eb200000, 0x0000000100000000)
  eden space 1536K, 99% used [0x00000000eab00000,0x00000000eac7e878,0x00000000eac80000)
  from space 2048K, 79% used [0x00000000eac80000,0x00000000eae18000,0x00000000eae80000)
  to   space 2560K, 0% used [0x00000000eaf80000,0x00000000eaf80000,0x00000000eb200000)
 ParOldGen       total 127488K, used 105236K [0x00000000c0000000, 0x00000000c7c80000, 0x00000000eab00000)
  object space 127488K, 82% used [0x00000000c0000000,0x00000000c66c5128,0x00000000c7c80000)
 Metaspace       used 95428K, committed 96576K, reserved 1179648K
  class space    used 9479K, committed 9984K, reserved 1048576K
}
Event: 15809.507 GC heap after
{Heap after GC invocations=9740 (full 161):
 PSYoungGen      total 3584K, used 1358K [0x00000000eab00000, 0x00000000eb100000, 0x0000000100000000)
  eden space 2048K, 0% used [0x00000000eab00000,0x00000000eab00000,0x00000000ead00000)
  from space 1536K, 88% used [0x00000000eaf80000,0x00000000eb0d3800,0x00000000eb100000)
  to   space 2048K, 0% used [0x00000000ead00000,0x00000000ead00000,0x00000000eaf00000)
 ParOldGen       total 127488K, used 106596K [0x00000000c0000000, 0x00000000c7c80000, 0x00000000eab00000)
  object space 127488K, 83% used [0x00000000c0000000,0x00000000c6819128,0x00000000c7c80000)
 Metaspace       used 95428K, committed 96576K, reserved 1179648K
  class space    used 9479K, committed 9984K, reserved 1048576K
}
Event: 15809.520 GC heap before
{Heap before GC invocations=9741 (full 161):
 PSYoungGen      total 3584K, used 3406K [0x00000000eab00000, 0x00000000eb100000, 0x0000000100000000)
  eden space 2048K, 100% used [0x00000000eab00000,0x00000000ead00000,0x00000000ead00000)
  from space 1536K, 88% used [0x00000000eaf80000,0x00000000eb0d3800,0x00000000eb100000)
  to   space 2048K, 0% used [0x00000000ead00000,0x00000000ead00000,0x00000000eaf00000)
 ParOldGen       total 127488K, used 106596K [0x00000000c0000000, 0x00000000c7c80000, 0x00000000eab00000)
  object space 127488K, 83% used [0x00000000c0000000,0x00000000c6819128,0x00000000c7c80000)
 Metaspace       used 95428K, committed 96576K, reserved 1179648K
  class space    used 9479K, committed 9984K, reserved 1048576K
}
Event: 15809.521 GC heap after
{Heap after GC invocations=9741 (full 161):
 PSYoungGen      total 4096K, used 2038K [0x00000000eab00000, 0x00000000eb480000, 0x0000000100000000)
  eden space 2048K, 0% used [0x00000000eab00000,0x00000000eab00000,0x00000000ead00000)
  from space 2048K, 99% used [0x00000000ead00000,0x00000000eaefdb20,0x00000000eaf00000)
  to   space 3584K, 0% used [0x00000000eb100000,0x00000000eb100000,0x00000000eb480000)
 ParOldGen       total 127488K, used 107404K [0x00000000c0000000, 0x00000000c7c80000, 0x00000000eab00000)
  object space 127488K, 84% used [0x00000000c0000000,0x00000000c68e3128,0x00000000c7c80000)
 Metaspace       used 95428K, committed 96576K, reserved 1179648K
  class space    used 9479K, committed 9984K, reserved 1048576K
}
Event: 15809.524 GC heap before
{Heap before GC invocations=9742 (full 161):
 PSYoungGen      total 4096K, used 4086K [0x00000000eab00000, 0x00000000eb480000, 0x0000000100000000)
  eden space 2048K, 100% used [0x00000000eab00000,0x00000000ead00000,0x00000000ead00000)
  from space 2048K, 99% used [0x00000000ead00000,0x00000000eaefdb20,0x00000000eaf00000)
  to   space 3584K, 0% used [0x00000000eb100000,0x00000000eb100000,0x00000000eb480000)
 ParOldGen       total 127488K, used 107404K [0x00000000c0000000, 0x00000000c7c80000, 0x00000000eab00000)
  object space 127488K, 84% used [0x00000000c0000000,0x00000000c68e3128,0x00000000c7c80000)
 Metaspace       used 95428K, committed 96576K, reserved 1179648K
  class space    used 9479K, committed 9984K, reserved 1048576K
}
Event: 15809.524 GC heap after
{Heap after GC invocations=9742 (full 161):
 PSYoungGen      total 5120K, used 2172K [0x00000000eab00000, 0x00000000eb380000, 0x0000000100000000)
  eden space 2560K, 0% used [0x00000000eab00000,0x00000000eab00000,0x00000000ead80000)
  from space 2560K, 84% used [0x00000000eb100000,0x00000000eb31f000,0x00000000eb380000)
  to   space 2560K, 0% used [0x00000000eae80000,0x00000000eae80000,0x00000000eb100000)
 ParOldGen       total 127488K, used 109427K [0x00000000c0000000, 0x00000000c7c80000, 0x00000000eab00000)
  object space 127488K, 85% used [0x00000000c0000000,0x00000000c6adcc48,0x00000000c7c80000)
 Metaspace       used 95428K, committed 96576K, reserved 1179648K
  class space    used 9479K, committed 9984K, reserved 1048576K
}
Event: 15809.540 GC heap before
{Heap before GC invocations=9743 (full 161):
 PSYoungGen      total 5120K, used 4732K [0x00000000eab00000, 0x00000000eb380000, 0x0000000100000000)
  eden space 2560K, 100% used [0x00000000eab00000,0x00000000ead80000,0x00000000ead80000)
  from space 2560K, 84% used [0x00000000eb100000,0x00000000eb31f000,0x00000000eb380000)
  to   space 2560K, 0% used [0x00000000eae80000,0x00000000eae80000,0x00000000eb100000)
 ParOldGen       total 127488K, used 109427K [0x00000000c0000000, 0x00000000c7c80000, 0x00000000eab00000)
  object space 127488K, 85% used [0x00000000c0000000,0x00000000c6adcc48,0x00000000c7c80000)
 Metaspace       used 95428K, committed 96576K, reserved 1179648K
  class space    used 9479K, committed 9984K, reserved 1048576K
}
Event: 15809.541 GC heap after
{Heap after GC invocations=9743 (full 161):
 PSYoungGen      total 4608K, used 1664K [0x00000000eab00000, 0x00000000eb180000, 0x0000000100000000)
  eden space 2560K, 0% used [0x00000000eab00000,0x00000000eab00000,0x00000000ead80000)
  from space 2048K, 81% used [0x00000000eae80000,0x00000000eb020000,0x00000000eb080000)
  to   space 1024K, 0% used [0x00000000eb080000,0x00000000eb080000,0x00000000eb180000)
 ParOldGen       total 127488K, used 111419K [0x00000000c0000000, 0x00000000c7c80000, 0x00000000eab00000)
  object space 127488K, 87% used [0x00000000c0000000,0x00000000c6ccec48,0x00000000c7c80000)
 Metaspace       used 95428K, committed 96576K, reserved 1179648K
  class space    used 9479K, committed 9984K, reserved 1048576K
}
Event: 15809.634 GC heap before
{Heap before GC invocations=9744 (full 161):
 PSYoungGen      total 4608K, used 4224K [0x00000000eab00000, 0x00000000eb180000, 0x0000000100000000)
  eden space 2560K, 100% used [0x00000000eab00000,0x00000000ead80000,0x00000000ead80000)
  from space 2048K, 81% used [0x00000000eae80000,0x00000000eb020000,0x00000000eb080000)
  to   space 1024K, 0% used [0x00000000eb080000,0x00000000eb080000,0x00000000eb180000)
 ParOldGen       total 127488K, used 111419K [0x00000000c0000000, 0x00000000c7c80000, 0x00000000eab00000)
  object space 127488K, 87% used [0x00000000c0000000,0x00000000c6ccec48,0x00000000c7c80000)
 Metaspace       used 95428K, committed 96576K, reserved 1179648K
  class space    used 9479K, committed 9984K, reserved 1048576K
}

